<?xml version="1.0" encoding="UTF-8"?>
<robot generator="Robot 7.3 (Python 3.13.0 on win32)" generated="2025-06-02T21:03:21.507992" rpa="false" schemaversion="5">
<suite id="s1" name="Amazon" source="c:\Users\joao.galzerani\Downloads\aulaRobot\amazon.robot">
<test id="s1-t1" name="Teste de cadastro" line="6">
<kw name="abrir a pagina do ebay">
<kw name="Open Browser" owner="SeleniumLibrary">
<msg time="2025-06-02T21:03:21.780218" level="INFO">Opening browser 'firefox' to base url 'https://www.ebay.com/'.</msg>
<arg>https://www.ebay.com/</arg>
<arg>firefox</arg>
<doc>Opens a new browser instance to the optional ``url``.</doc>
<status status="PASS" start="2025-06-02T21:03:21.779941" elapsed="3.557845"/>
</kw>
<status status="PASS" start="2025-06-02T21:03:21.779238" elapsed="3.558878"/>
</kw>
<kw name="inserir um produto para pesquisar">
<kw name="Input Text" owner="SeleniumLibrary">
<msg time="2025-06-02T21:03:25.339578" level="INFO">Typing text 'quadrinho spider-man' into text field 'id:gh-ac'.</msg>
<arg>id:gh-ac</arg>
<arg>quadrinho spider-man</arg>
<doc>Types the given ``text`` into the text field identified by ``locator``.</doc>
<status status="PASS" start="2025-06-02T21:03:25.339128" elapsed="0.098012"/>
</kw>
<status status="PASS" start="2025-06-02T21:03:25.338712" elapsed="0.098603"/>
</kw>
<kw name="clicar em pesquisar">
<kw name="Click Element" owner="SeleniumLibrary">
<msg time="2025-06-02T21:03:25.438433" level="INFO">Clicking element 'id:gh-search-btn'.</msg>
<arg>id:gh-search-btn</arg>
<doc>Click the element identified by ``locator``.</doc>
<status status="PASS" start="2025-06-02T21:03:25.438126" elapsed="1.677861"/>
</kw>
<status status="PASS" start="2025-06-02T21:03:25.437740" elapsed="1.678482"/>
</kw>
<status status="PASS" start="2025-06-02T21:03:21.778611" elapsed="5.338050"/>
</test>
<status status="PASS" start="2025-06-02T21:03:21.512346" elapsed="5.606055"/>
</suite>
<statistics>
<total>
<stat pass="1" fail="0" skip="0">All Tests</stat>
</total>
<tag>
</tag>
<suite>
<stat name="Amazon" id="s1" pass="1" fail="0" skip="0">Amazon</stat>
</suite>
</statistics>
<errors>
</errors>
</robot>
